{"/Users/chris/enterprise/codevideo-backend/src/codeToVideo.ts": {"path":"/Users/chris/enterprise/codevideo-backend/src/codeToVideo.ts","statementMap":{"0":{"start":{"line":8,"column":27},"end":{"line":19,"column":1}},"1":{"start":{"line":17,"column":2},"end":{"line":17,"column":61}},"2":{"start":{"line":18,"column":2},"end":{"line":18,"column":63}}},"fnMap":{"0":{"name":"(anonymous_0)","decl":{"start":{"line":8,"column":27},"end":{"line":8,"column":28}},"loc":{"start":{"line":16,"column":32},"end":{"line":19,"column":1}},"line":16}},"branchMap":{},"s":{"0":1,"1":3,"2":3},"f":{"0":3},"b":{},"_coverageSchema":"1a1c01bbd47fc00a2c39e90264f33305004495a9","hash":"c10435539bb5707963c78813894d4feb30aa2724"}
,"/Users/chris/enterprise/codevideo-backend/src/canvas/animateCanvas.ts": {"path":"/Users/chris/enterprise/codevideo-backend/src/canvas/animateCanvas.ts","statementMap":{"0":{"start":{"line":9,"column":29},"end":{"line":96,"column":1}},"1":{"start":{"line":15,"column":14},"end":{"line":15,"column":37}},"2":{"start":{"line":18,"column":44},"end":{"line":18,"column":46}},"3":{"start":{"line":21,"column":25},"end":{"line":21,"column":28}},"4":{"start":{"line":22,"column":25},"end":{"line":22,"column":28}},"5":{"start":{"line":23,"column":19},"end":{"line":23,"column":21}},"6":{"start":{"line":24,"column":26},"end":{"line":24,"column":40}},"7":{"start":{"line":25,"column":21},"end":{"line":25,"column":35}},"8":{"start":{"line":26,"column":2},"end":{"line":26,"column":44}},"9":{"start":{"line":28,"column":20},"end":{"line":28,"column":36}},"10":{"start":{"line":31,"column":2},"end":{"line":31,"column":19}},"11":{"start":{"line":34,"column":2},"end":{"line":34,"column":105}},"12":{"start":{"line":38,"column":2},"end":{"line":91,"column":3}},"13":{"start":{"line":38,"column":23},"end":{"line":38,"column":24}},"14":{"start":{"line":39,"column":24},"end":{"line":39,"column":26}},"15":{"start":{"line":42,"column":27},"end":{"line":42,"column":47}},"16":{"start":{"line":43,"column":4},"end":{"line":88,"column":5}},"17":{"start":{"line":44,"column":27},"end":{"line":44,"column":28}},"18":{"start":{"line":48,"column":6},"end":{"line":48,"column":52}},"19":{"start":{"line":50,"column":25},"end":{"line":56,"column":7}},"20":{"start":{"line":60,"column":6},"end":{"line":62,"column":7}},"21":{"start":{"line":61,"column":8},"end":{"line":61,"column":46}},"22":{"start":{"line":64,"column":6},"end":{"line":68,"column":8}},"23":{"start":{"line":71,"column":6},"end":{"line":77,"column":8}},"24":{"start":{"line":79,"column":6},"end":{"line":84,"column":9}},"25":{"start":{"line":86,"column":6},"end":{"line":86,"column":31}},"26":{"start":{"line":87,"column":6},"end":{"line":87,"column":109}},"27":{"start":{"line":89,"column":4},"end":{"line":89,"column":29}},"28":{"start":{"line":90,"column":6},"end":{"line":90,"column":109}},"29":{"start":{"line":94,"column":2},"end":{"line":94,"column":44}},"30":{"start":{"line":95,"column":2},"end":{"line":95,"column":25}}},"fnMap":{"0":{"name":"(anonymous_0)","decl":{"start":{"line":9,"column":29},"end":{"line":9,"column":30}},"loc":{"start":{"line":14,"column":32},"end":{"line":96,"column":1}},"line":14}},"branchMap":{"0":{"loc":{"start":{"line":60,"column":6},"end":{"line":62,"column":7}},"type":"if","locations":[{"start":{"line":60,"column":6},"end":{"line":62,"column":7}},{"start":{},"end":{}}],"line":60}},"s":{"0":1,"1":3,"2":3,"3":3,"4":3,"5":3,"6":3,"7":3,"8":3,"9":3,"10":3,"11":3,"12":3,"13":3,"14":12,"15":12,"16":12,"17":12,"18":342,"19":342,"20":342,"21":123,"22":342,"23":342,"24":342,"25":342,"26":342,"27":12,"28":12,"29":3,"30":3},"f":{"0":3},"b":{"0":[123,219]},"_coverageSchema":"1a1c01bbd47fc00a2c39e90264f33305004495a9","hash":"4ed991e70863e46012c500004952a9709c8e2204"}
,"/Users/chris/enterprise/codevideo-backend/src/canvas/colorCodeCharacter.ts": {"path":"/Users/chris/enterprise/codevideo-backend/src/canvas/colorCodeCharacter.ts","statementMap":{"0":{"start":{"line":6,"column":34},"end":{"line":66,"column":1}},"1":{"start":{"line":15,"column":2},"end":{"line":30,"column":3}},"2":{"start":{"line":26,"column":4},"end":{"line":29,"column":6}},"3":{"start":{"line":33,"column":21},"end":{"line":33,"column":38}},"4":{"start":{"line":36,"column":16},"end":{"line":36,"column":75}},"5":{"start":{"line":36,"column":43},"end":{"line":36,"column":74}},"6":{"start":{"line":39,"column":2},"end":{"line":43,"column":3}},"7":{"start":{"line":40,"column":4},"end":{"line":42,"column":6}},"8":{"start":{"line":51,"column":4},"end":{"line":51,"column":70}},"9":{"start":{"line":54,"column":21},"end":{"line":56,"column":27}},"10":{"start":{"line":55,"column":14},"end":{"line":55,"column":38}},"11":{"start":{"line":57,"column":21},"end":{"line":59,"column":15}},"12":{"start":{"line":58,"column":14},"end":{"line":58,"column":38}},"13":{"start":{"line":61,"column":2},"end":{"line":65,"column":4}}},"fnMap":{"0":{"name":"(anonymous_0)","decl":{"start":{"line":6,"column":34},"end":{"line":6,"column":35}},"loc":{"start":{"line":12,"column":22},"end":{"line":66,"column":1}},"line":12},"1":{"name":"(anonymous_1)","decl":{"start":{"line":36,"column":32},"end":{"line":36,"column":33}},"loc":{"start":{"line":36,"column":43},"end":{"line":36,"column":74}},"line":36},"2":{"name":"(anonymous_2)","decl":{"start":{"line":55,"column":4},"end":{"line":55,"column":5}},"loc":{"start":{"line":55,"column":14},"end":{"line":55,"column":38}},"line":55},"3":{"name":"(anonymous_3)","decl":{"start":{"line":58,"column":4},"end":{"line":58,"column":5}},"loc":{"start":{"line":58,"column":14},"end":{"line":58,"column":38}},"line":58}},"branchMap":{"0":{"loc":{"start":{"line":15,"column":2},"end":{"line":30,"column":3}},"type":"if","locations":[{"start":{"line":15,"column":2},"end":{"line":30,"column":3}},{"start":{},"end":{}}],"line":15},"1":{"loc":{"start":{"line":16,"column":4},"end":{"line":24,"column":21}},"type":"binary-expr","locations":[{"start":{"line":16,"column":4},"end":{"line":16,"column":21}},{"start":{"line":17,"column":4},"end":{"line":17,"column":21}},{"start":{"line":18,"column":4},"end":{"line":18,"column":21}},{"start":{"line":19,"column":4},"end":{"line":19,"column":21}},{"start":{"line":20,"column":4},"end":{"line":20,"column":21}},{"start":{"line":21,"column":4},"end":{"line":21,"column":21}},{"start":{"line":22,"column":4},"end":{"line":22,"column":21}},{"start":{"line":23,"column":4},"end":{"line":23,"column":21}},{"start":{"line":24,"column":4},"end":{"line":24,"column":21}}],"line":16},"2":{"loc":{"start":{"line":39,"column":2},"end":{"line":43,"column":3}},"type":"if","locations":[{"start":{"line":39,"column":2},"end":{"line":43,"column":3}},{"start":{},"end":{}}],"line":39},"3":{"loc":{"start":{"line":51,"column":4},"end":{"line":51,"column":70}},"type":"binary-expr","locations":[{"start":{"line":51,"column":4},"end":{"line":51,"column":56}},{"start":{"line":51,"column":60},"end":{"line":51,"column":70}}],"line":51},"4":{"loc":{"start":{"line":54,"column":21},"end":{"line":56,"column":27}},"type":"cond-expr","locations":[{"start":{"line":54,"column":50},"end":{"line":54,"column":58}},{"start":{"line":54,"column":61},"end":{"line":56,"column":27}}],"line":54},"5":{"loc":{"start":{"line":54,"column":61},"end":{"line":56,"column":27}},"type":"binary-expr","locations":[{"start":{"line":54,"column":61},"end":{"line":56,"column":15}},{"start":{"line":56,"column":19},"end":{"line":56,"column":27}}],"line":54}},"s":{"0":1,"1":342,"2":45,"3":297,"4":297,"5":3759,"6":297,"7":219,"8":78,"9":78,"10":192,"11":78,"12":642,"13":78},"f":{"0":342,"1":3759,"2":192,"3":642},"b":{"0":[45,297],"1":[342,339,336,333,330,327,312,309,300],"2":[219,78],"3":[78,42],"4":[15,63],"5":[63,42]},"_coverageSchema":"1a1c01bbd47fc00a2c39e90264f33305004495a9","hash":"8e187a4d8236d892b45bff32ad25f288814368f1"}
,"/Users/chris/enterprise/codevideo-backend/src/canvas/prepareCanvas.ts": {"path":"/Users/chris/enterprise/codevideo-backend/src/canvas/prepareCanvas.ts","statementMap":{"0":{"start":{"line":5,"column":29},"end":{"line":70,"column":1}},"1":{"start":{"line":11,"column":14},"end":{"line":11,"column":37}},"2":{"start":{"line":14,"column":2},"end":{"line":14,"column":23}},"3":{"start":{"line":15,"column":2},"end":{"line":15,"column":25}},"4":{"start":{"line":18,"column":2},"end":{"line":18,"column":51}},"5":{"start":{"line":21,"column":19},"end":{"line":21,"column":78}},"6":{"start":{"line":23,"column":2},"end":{"line":25,"column":5}},"7":{"start":{"line":24,"column":4},"end":{"line":24,"column":40}},"8":{"start":{"line":26,"column":2},"end":{"line":26,"column":27}},"9":{"start":{"line":27,"column":2},"end":{"line":27,"column":50}},"10":{"start":{"line":31,"column":24},"end":{"line":31,"column":27}},"11":{"start":{"line":32,"column":16},"end":{"line":32,"column":29}},"12":{"start":{"line":33,"column":16},"end":{"line":33,"column":29}},"13":{"start":{"line":34,"column":20},"end":{"line":34,"column":52}},"14":{"start":{"line":35,"column":21},"end":{"line":35,"column":54}},"15":{"start":{"line":36,"column":21},"end":{"line":36,"column":23}},"16":{"start":{"line":37,"column":2},"end":{"line":37,"column":28}},"17":{"start":{"line":38,"column":2},"end":{"line":38,"column":65}},"18":{"start":{"line":39,"column":2},"end":{"line":39,"column":13}},"19":{"start":{"line":41,"column":30},"end":{"line":41,"column":32}},"20":{"start":{"line":45,"column":2},"end":{"line":51,"column":4}},"21":{"start":{"line":54,"column":2},"end":{"line":60,"column":4}},"22":{"start":{"line":63,"column":2},"end":{"line":69,"column":4}}},"fnMap":{"0":{"name":"(anonymous_0)","decl":{"start":{"line":5,"column":29},"end":{"line":5,"column":30}},"loc":{"start":{"line":10,"column":5},"end":{"line":70,"column":1}},"line":10},"1":{"name":"(anonymous_1)","decl":{"start":{"line":23,"column":25},"end":{"line":23,"column":26}},"loc":{"start":{"line":23,"column":43},"end":{"line":25,"column":3}},"line":23}},"branchMap":{},"s":{"0":1,"1":3,"2":3,"3":3,"4":3,"5":3,"6":3,"7":6,"8":3,"9":3,"10":3,"11":3,"12":3,"13":3,"14":3,"15":3,"16":3,"17":3,"18":3,"19":3,"20":3,"21":3,"22":3},"f":{"0":3,"1":6},"b":{},"_coverageSchema":"1a1c01bbd47fc00a2c39e90264f33305004495a9","hash":"b18f2d1f82007b586bcd37f3086b093a489af3d2"}
,"/Users/chris/enterprise/codevideo-backend/src/canvas/runTypoLogic.ts": {"path":"/Users/chris/enterprise/codevideo-backend/src/canvas/runTypoLogic.ts","statementMap":{"0":{"start":{"line":7,"column":28},"end":{"line":52,"column":1}},"1":{"start":{"line":14,"column":2},"end":{"line":16,"column":3}},"2":{"start":{"line":15,"column":4},"end":{"line":15,"column":11}},"3":{"start":{"line":17,"column":24},"end":{"line":17,"column":25}},"4":{"start":{"line":18,"column":2},"end":{"line":20,"column":3}},"5":{"start":{"line":19,"column":4},"end":{"line":19,"column":28}},"6":{"start":{"line":21,"column":2},"end":{"line":23,"column":3}},"7":{"start":{"line":22,"column":4},"end":{"line":22,"column":26}},"8":{"start":{"line":26,"column":2},"end":{"line":28,"column":3}},"9":{"start":{"line":27,"column":4},"end":{"line":27,"column":11}},"10":{"start":{"line":33,"column":23},"end":{"line":33,"column":36}},"11":{"start":{"line":36,"column":21},"end":{"line":36,"column":54}},"12":{"start":{"line":38,"column":2},"end":{"line":42,"column":3}},"13":{"start":{"line":38,"column":15},"end":{"line":38,"column":16}},"14":{"start":{"line":39,"column":28},"end":{"line":39,"column":64}},"15":{"start":{"line":40,"column":4},"end":{"line":40,"column":62}},"16":{"start":{"line":41,"column":4},"end":{"line":41,"column":21}},"17":{"start":{"line":44,"column":2},"end":{"line":48,"column":3}},"18":{"start":{"line":44,"column":15},"end":{"line":44,"column":29}},"19":{"start":{"line":45,"column":4},"end":{"line":45,"column":30}},"20":{"start":{"line":46,"column":4},"end":{"line":46,"column":63}},"21":{"start":{"line":47,"column":4},"end":{"line":47,"column":21}},"22":{"start":{"line":51,"column":2},"end":{"line":51,"column":31}}},"fnMap":{"0":{"name":"(anonymous_0)","decl":{"start":{"line":7,"column":28},"end":{"line":7,"column":29}},"loc":{"start":{"line":13,"column":20},"end":{"line":52,"column":1}},"line":13}},"branchMap":{"0":{"loc":{"start":{"line":14,"column":2},"end":{"line":16,"column":3}},"type":"if","locations":[{"start":{"line":14,"column":2},"end":{"line":16,"column":3}},{"start":{},"end":{}}],"line":14},"1":{"loc":{"start":{"line":18,"column":2},"end":{"line":20,"column":3}},"type":"if","locations":[{"start":{"line":18,"column":2},"end":{"line":20,"column":3}},{"start":{},"end":{}}],"line":18},"2":{"loc":{"start":{"line":21,"column":2},"end":{"line":23,"column":3}},"type":"if","locations":[{"start":{"line":21,"column":2},"end":{"line":23,"column":3}},{"start":{},"end":{}}],"line":21},"3":{"loc":{"start":{"line":26,"column":2},"end":{"line":28,"column":3}},"type":"if","locations":[{"start":{"line":26,"column":2},"end":{"line":28,"column":3}},{"start":{},"end":{}}],"line":26}},"s":{"0":1,"1":342,"2":114,"3":228,"4":228,"5":114,"6":228,"7":114,"8":228,"9":210,"10":18,"11":18,"12":18,"13":18,"14":45,"15":45,"16":45,"17":18,"18":18,"19":63,"20":63,"21":63,"22":18},"f":{"0":342},"b":{"0":[114,228],"1":[114,114],"2":[114,114],"3":[210,18]},"_coverageSchema":"1a1c01bbd47fc00a2c39e90264f33305004495a9","hash":"612194f84d201fc989dcd15d16c0d03483393feb"}
,"/Users/chris/enterprise/codevideo-backend/src/canvas/utils/drawCircle.ts": {"path":"/Users/chris/enterprise/codevideo-backend/src/canvas/utils/drawCircle.ts","statementMap":{"0":{"start":{"line":3,"column":26},"end":{"line":22,"column":1}},"1":{"start":{"line":13,"column":2},"end":{"line":13,"column":18}},"2":{"start":{"line":14,"column":2},"end":{"line":14,"column":47}},"3":{"start":{"line":15,"column":2},"end":{"line":15,"column":23}},"4":{"start":{"line":16,"column":2},"end":{"line":16,"column":13}}},"fnMap":{"0":{"name":"(anonymous_0)","decl":{"start":{"line":3,"column":26},"end":{"line":3,"column":27}},"loc":{"start":{"line":12,"column":5},"end":{"line":22,"column":1}},"line":12}},"branchMap":{},"s":{"0":1,"1":9,"2":9,"3":9,"4":9},"f":{"0":9},"b":{},"_coverageSchema":"1a1c01bbd47fc00a2c39e90264f33305004495a9","hash":"7bef5a79e228a80fb7a3f422947bcd6142c81369"}
,"/Users/chris/enterprise/codevideo-backend/src/constants/Constants.ts": {"path":"/Users/chris/enterprise/codevideo-backend/src/constants/Constants.ts","statementMap":{"0":{"start":{"line":1,"column":25},"end":{"line":3,"column":1}}},"fnMap":{},"branchMap":{},"s":{"0":1},"f":{},"b":{},"_coverageSchema":"1a1c01bbd47fc00a2c39e90264f33305004495a9","hash":"ce52fceaae5593e82ce5fb9c8f0ab9c1c042a13e"}
,"/Users/chris/enterprise/codevideo-backend/src/utils/getRandomInt.ts": {"path":"/Users/chris/enterprise/codevideo-backend/src/utils/getRandomInt.ts","statementMap":{"0":{"start":{"line":1,"column":28},"end":{"line":3,"column":1}},"1":{"start":{"line":2,"column":2},"end":{"line":2,"column":59}}},"fnMap":{"0":{"name":"(anonymous_0)","decl":{"start":{"line":1,"column":28},"end":{"line":1,"column":29}},"loc":{"start":{"line":1,"column":58},"end":{"line":3,"column":1}},"line":1}},"branchMap":{},"s":{"0":1,"1":45},"f":{"0":45},"b":{},"_coverageSchema":"1a1c01bbd47fc00a2c39e90264f33305004495a9","hash":"d30ce69c2c14e2ad580d18610d6347ae54b6d2d3"}
,"/Users/chris/enterprise/codevideo-backend/src/utils/sleep.ts": {"path":"/Users/chris/enterprise/codevideo-backend/src/utils/sleep.ts","statementMap":{"0":{"start":{"line":1,"column":21},"end":{"line":3,"column":1}},"1":{"start":{"line":2,"column":4},"end":{"line":2,"column":69}},"2":{"start":{"line":2,"column":34},"end":{"line":2,"column":67}}},"fnMap":{"0":{"name":"(anonymous_0)","decl":{"start":{"line":1,"column":21},"end":{"line":1,"column":22}},"loc":{"start":{"line":1,"column":47},"end":{"line":3,"column":1}},"line":1},"1":{"name":"(anonymous_1)","decl":{"start":{"line":2,"column":23},"end":{"line":2,"column":24}},"loc":{"start":{"line":2,"column":34},"end":{"line":2,"column":67}},"line":2}},"branchMap":{},"s":{"0":1,"1":465,"2":465},"f":{"0":465,"1":465},"b":{},"_coverageSchema":"1a1c01bbd47fc00a2c39e90264f33305004495a9","hash":"684eedc7b0669e6cfcd5fcaf3ca9ac2cd2e0265c"}
}
