TN:
SF:src/codeToVideo.ts
FN:8,(anonymous_0)
FNF:1
FNH:1
FNDA:3,(anonymous_0)
DA:8,1
DA:17,3
DA:18,3
LF:3
LH:3
BRF:0
BRH:0
end_of_record
TN:
SF:src/canvas/animateCanvas.ts
FN:9,(anonymous_0)
FNF:1
FNH:1
FNDA:3,(anonymous_0)
DA:9,1
DA:15,3
DA:18,3
DA:21,3
DA:22,3
DA:23,3
DA:24,3
DA:25,3
DA:26,3
DA:28,3
DA:31,3
DA:34,3
DA:38,3
DA:39,12
DA:42,12
DA:43,12
DA:44,12
DA:48,342
DA:50,342
DA:60,342
DA:61,123
DA:64,342
DA:71,342
DA:79,342
DA:86,342
DA:87,342
DA:89,12
DA:90,12
DA:94,3
DA:95,3
LF:30
LH:30
BRDA:60,0,0,123
BRDA:60,0,1,219
BRF:2
BRH:2
end_of_record
TN:
SF:src/canvas/colorCodeCharacter.ts
FN:6,(anonymous_0)
FN:36,(anonymous_1)
FN:55,(anonymous_2)
FN:58,(anonymous_3)
FNF:4
FNH:4
FNDA:342,(anonymous_0)
FNDA:3759,(anonymous_1)
FNDA:192,(anonymous_2)
FNDA:642,(anonymous_3)
DA:6,1
DA:15,342
DA:26,45
DA:33,297
DA:36,3759
DA:39,297
DA:40,219
DA:51,78
DA:54,78
DA:55,192
DA:57,78
DA:58,642
DA:61,78
LF:13
LH:13
BRDA:15,0,0,45
BRDA:15,0,1,297
BRDA:16,1,0,342
BRDA:16,1,1,339
BRDA:16,1,2,336
BRDA:16,1,3,333
BRDA:16,1,4,330
BRDA:16,1,5,327
BRDA:16,1,6,312
BRDA:16,1,7,309
BRDA:16,1,8,300
BRDA:39,2,0,219
BRDA:39,2,1,78
BRDA:51,3,0,78
BRDA:51,3,1,42
BRDA:54,4,0,15
BRDA:54,4,1,63
BRDA:54,5,0,63
BRDA:54,5,1,42
BRF:19
BRH:19
end_of_record
TN:
SF:src/canvas/prepareCanvas.ts
FN:5,(anonymous_0)
FN:23,(anonymous_1)
FNF:2
FNH:2
FNDA:3,(anonymous_0)
FNDA:6,(anonymous_1)
DA:5,1
DA:11,3
DA:14,3
DA:15,3
DA:18,3
DA:21,3
DA:23,3
DA:24,6
DA:26,3
DA:27,3
DA:31,3
DA:32,3
DA:33,3
DA:34,3
DA:35,3
DA:36,3
DA:37,3
DA:38,3
DA:39,3
DA:41,3
DA:45,3
DA:54,3
DA:63,3
LF:23
LH:23
BRF:0
BRH:0
end_of_record
TN:
SF:src/canvas/runTypoLogic.ts
FN:7,(anonymous_0)
FNF:1
FNH:1
FNDA:342,(anonymous_0)
DA:7,1
DA:14,342
DA:15,114
DA:17,228
DA:18,228
DA:19,114
DA:21,228
DA:22,114
DA:26,228
DA:27,210
DA:33,18
DA:36,18
DA:38,18
DA:39,45
DA:40,45
DA:41,45
DA:44,18
DA:45,63
DA:46,63
DA:47,63
DA:51,18
LF:21
LH:21
BRDA:14,0,0,114
BRDA:14,0,1,228
BRDA:18,1,0,114
BRDA:18,1,1,114
BRDA:21,2,0,114
BRDA:21,2,1,114
BRDA:26,3,0,210
BRDA:26,3,1,18
BRF:8
BRH:8
end_of_record
TN:
SF:src/canvas/utils/drawCircle.ts
FN:3,(anonymous_0)
FNF:1
FNH:1
FNDA:9,(anonymous_0)
DA:3,1
DA:13,9
DA:14,9
DA:15,9
DA:16,9
LF:5
LH:5
BRF:0
BRH:0
end_of_record
TN:
SF:src/constants/Constants.ts
FNF:0
FNH:0
DA:1,1
LF:1
LH:1
BRF:0
BRH:0
end_of_record
TN:
SF:src/utils/getRandomInt.ts
FN:1,(anonymous_0)
FNF:1
FNH:1
FNDA:45,(anonymous_0)
DA:1,1
DA:2,45
LF:2
LH:2
BRF:0
BRH:0
end_of_record
TN:
SF:src/utils/sleep.ts
FN:1,(anonymous_0)
FN:2,(anonymous_1)
FNF:2
FNH:2
FNDA:465,(anonymous_0)
FNDA:465,(anonymous_1)
DA:1,1
DA:2,465
LF:2
LH:2
BRF:0
BRH:0
end_of_record
